<?xml version="1.0" encoding="UTF-8"?>
<testng-results skipped="0" failed="3" ignored="0" total="3" passed="0">
  <reporter-output>
  </reporter-output>
  <suite name="Default suite" duration-ms="906" started-at="2022-01-23T02:56:55Z" finished-at="2022-01-23T02:56:56Z">
    <groups>
    </groups>
    <test name="Default test" duration-ms="906" started-at="2022-01-23T02:56:55Z" finished-at="2022-01-23T02:56:56Z">
      <class name="TestingLearn">
        <test-method status="FAIL" signature="tc1(java.lang.String, java.lang.String, java.lang.String, java.lang.String, java.lang.String, java.lang.String, java.lang.String)[pri:0, instance:TestingLearn@77cd7a0]" name="tc1" duration-ms="16" started-at="2022-01-23T02:56:56Z" data-provider="data" finished-at="2022-01-23T02:56:56Z">
          <params>
            <param index="0">
              <value>
                <![CDATA[SuguAravind]]>
              </value>
            </param>
            <param index="1">
              <value>
                <![CDATA[sugu@3005]]>
              </value>
            </param>
            <param index="2">
              <value>
                <![CDATA[prabhu]]>
              </value>
            </param>
            <param index="3">
              <value>
                <![CDATA[dev]]>
              </value>
            </param>
            <param index="4">
              <value>
                <![CDATA[chromepet chennai]]>
              </value>
            </param>
            <param index="5">
              <value>
                <![CDATA[1234567891234560]]>
              </value>
            </param>
            <param index="6">
              <value>
                <![CDATA[131]]>
              </value>
            </param>
          </params>
          <exception class="java.lang.Error">
            <message>
              <![CDATA[Unresolved compilation problems: 
The method elementLocator(String, String) is undefined for the type TestingLearn
The method elementLocator(String, String) is undefined for the type TestingLearn
The method elementLocator(String, String) is undefined for the type TestingLearn
The method elementLocator(String, String) is undefined for the type TestingLearn
The method elementLocator(String, String) is undefined for the type TestingLearn
The method elementLocator(String, String) is undefined for the type TestingLearn
The method elementLocator(String, String) is undefined for the type TestingLearn
The method elementLocator(String, String) is undefined for the type TestingLearn
The method elementLocator(String, String) is undefined for the type TestingLearn
The method elementLocator(String, String) is undefined for the type TestingLearn
The method elementLocator(String, String) is undefined for the type TestingLearn
The method elementLocator(String, String) is undefined for the type TestingLearn
The method elementLocator(String, String) is undefined for the type TestingLearn
The method elementLocator(String, String) is undefined for the type TestingLearn
The method elementLocator(String, String) is undefined for the type TestingLearn
The method elementLocator(String, String) is undefined for the type TestingLearn
The method elementLocator(String, String) is undefined for the type TestingLearn
The method elementLocator(String, String) is undefined for the type TestingLearn
The method elementLocator(String, String) is undefined for the type TestingLearn
]]>
            </message>
            <full-stacktrace>
              <![CDATA[java.lang.Error: Unresolved compilation problems: 
The method elementLocator(String, String) is undefined for the type TestingLearn
The method elementLocator(String, String) is undefined for the type TestingLearn
The method elementLocator(String, String) is undefined for the type TestingLearn
The method elementLocator(String, String) is undefined for the type TestingLearn
The method elementLocator(String, String) is undefined for the type TestingLearn
The method elementLocator(String, String) is undefined for the type TestingLearn
The method elementLocator(String, String) is undefined for the type TestingLearn
The method elementLocator(String, String) is undefined for the type TestingLearn
The method elementLocator(String, String) is undefined for the type TestingLearn
The method elementLocator(String, String) is undefined for the type TestingLearn
The method elementLocator(String, String) is undefined for the type TestingLearn
The method elementLocator(String, String) is undefined for the type TestingLearn
The method elementLocator(String, String) is undefined for the type TestingLearn
The method elementLocator(String, String) is undefined for the type TestingLearn
The method elementLocator(String, String) is undefined for the type TestingLearn
The method elementLocator(String, String) is undefined for the type TestingLearn
The method elementLocator(String, String) is undefined for the type TestingLearn
The method elementLocator(String, String) is undefined for the type TestingLearn
The method elementLocator(String, String) is undefined for the type TestingLearn

at TestingLearn.tc1(TestingLearn.java:11)
at sun.reflect.NativeMethodAccessorImpl.invoke0(Native Method)
at sun.reflect.NativeMethodAccessorImpl.invoke(NativeMethodAccessorImpl.java:62)
at sun.reflect.DelegatingMethodAccessorImpl.invoke(DelegatingMethodAccessorImpl.java:43)
at java.lang.reflect.Method.invoke(Method.java:498)
at org.testng.internal.MethodInvocationHelper.invokeMethod(MethodInvocationHelper.java:124)
at org.testng.internal.Invoker.invokeMethod(Invoker.java:583)
at org.testng.internal.Invoker.invokeTestMethod(Invoker.java:719)
at org.testng.internal.Invoker.invokeTestMethods(Invoker.java:989)
at org.testng.internal.TestMethodWorker.invokeTestMethods(TestMethodWorker.java:125)
at org.testng.internal.TestMethodWorker.run(TestMethodWorker.java:109)
at org.testng.TestRunner.privateRun(TestRunner.java:648)
at org.testng.TestRunner.run(TestRunner.java:505)
at org.testng.SuiteRunner.runTest(SuiteRunner.java:455)
at org.testng.SuiteRunner.runSequentially(SuiteRunner.java:450)
at org.testng.SuiteRunner.privateRun(SuiteRunner.java:415)
at org.testng.SuiteRunner.run(SuiteRunner.java:364)
at org.testng.SuiteRunnerWorker.runSuite(SuiteRunnerWorker.java:52)
at org.testng.SuiteRunnerWorker.run(SuiteRunnerWorker.java:84)
at org.testng.TestNG.runSuitesSequentially(TestNG.java:1208)
at org.testng.TestNG.runSuitesLocally(TestNG.java:1137)
at org.testng.TestNG.runSuites(TestNG.java:1049)
at org.testng.TestNG.run(TestNG.java:1017)
at org.testng.remote.AbstractRemoteTestNG.run(AbstractRemoteTestNG.java:114)
at org.testng.remote.RemoteTestNG.initAndRun(RemoteTestNG.java:251)
at org.testng.remote.RemoteTestNG.main(RemoteTestNG.java:77)
]]>
            </full-stacktrace>
          </exception> <!-- java.lang.Error -->
          <reporter-output>
          </reporter-output>
        </test-method> <!-- tc1 -->
        <test-method status="FAIL" signature="tc1(java.lang.String, java.lang.String, java.lang.String, java.lang.String, java.lang.String, java.lang.String, java.lang.String)[pri:0, instance:TestingLearn@77cd7a0]" name="tc1" duration-ms="0" started-at="2022-01-23T02:56:56Z" data-provider="data" finished-at="2022-01-23T02:56:56Z">
          <params>
            <param index="0">
              <value>
                <![CDATA[vijaykumar220997]]>
              </value>
            </param>
            <param index="1">
              <value>
                <![CDATA[Vijay@123]]>
              </value>
            </param>
            <param index="2">
              <value>
                <![CDATA[raj]]>
              </value>
            </param>
            <param index="3">
              <value>
                <![CDATA[kumar]]>
              </value>
            </param>
            <param index="4">
              <value>
                <![CDATA[madurai]]>
              </value>
            </param>
            <param index="5">
              <value>
                <![CDATA[9876543211234560]]>
              </value>
            </param>
            <param index="6">
              <value>
                <![CDATA[121]]>
              </value>
            </param>
          </params>
          <exception class="java.lang.Error">
            <message>
              <![CDATA[Unresolved compilation problems: 
The method elementLocator(String, String) is undefined for the type TestingLearn
The method elementLocator(String, String) is undefined for the type TestingLearn
The method elementLocator(String, String) is undefined for the type TestingLearn
The method elementLocator(String, String) is undefined for the type TestingLearn
The method elementLocator(String, String) is undefined for the type TestingLearn
The method elementLocator(String, String) is undefined for the type TestingLearn
The method elementLocator(String, String) is undefined for the type TestingLearn
The method elementLocator(String, String) is undefined for the type TestingLearn
The method elementLocator(String, String) is undefined for the type TestingLearn
The method elementLocator(String, String) is undefined for the type TestingLearn
The method elementLocator(String, String) is undefined for the type TestingLearn
The method elementLocator(String, String) is undefined for the type TestingLearn
The method elementLocator(String, String) is undefined for the type TestingLearn
The method elementLocator(String, String) is undefined for the type TestingLearn
The method elementLocator(String, String) is undefined for the type TestingLearn
The method elementLocator(String, String) is undefined for the type TestingLearn
The method elementLocator(String, String) is undefined for the type TestingLearn
The method elementLocator(String, String) is undefined for the type TestingLearn
The method elementLocator(String, String) is undefined for the type TestingLearn
]]>
            </message>
            <full-stacktrace>
              <![CDATA[java.lang.Error: Unresolved compilation problems: 
The method elementLocator(String, String) is undefined for the type TestingLearn
The method elementLocator(String, String) is undefined for the type TestingLearn
The method elementLocator(String, String) is undefined for the type TestingLearn
The method elementLocator(String, String) is undefined for the type TestingLearn
The method elementLocator(String, String) is undefined for the type TestingLearn
The method elementLocator(String, String) is undefined for the type TestingLearn
The method elementLocator(String, String) is undefined for the type TestingLearn
The method elementLocator(String, String) is undefined for the type TestingLearn
The method elementLocator(String, String) is undefined for the type TestingLearn
The method elementLocator(String, String) is undefined for the type TestingLearn
The method elementLocator(String, String) is undefined for the type TestingLearn
The method elementLocator(String, String) is undefined for the type TestingLearn
The method elementLocator(String, String) is undefined for the type TestingLearn
The method elementLocator(String, String) is undefined for the type TestingLearn
The method elementLocator(String, String) is undefined for the type TestingLearn
The method elementLocator(String, String) is undefined for the type TestingLearn
The method elementLocator(String, String) is undefined for the type TestingLearn
The method elementLocator(String, String) is undefined for the type TestingLearn
The method elementLocator(String, String) is undefined for the type TestingLearn

at TestingLearn.tc1(TestingLearn.java:11)
at sun.reflect.NativeMethodAccessorImpl.invoke0(Native Method)
at sun.reflect.NativeMethodAccessorImpl.invoke(NativeMethodAccessorImpl.java:62)
at sun.reflect.DelegatingMethodAccessorImpl.invoke(DelegatingMethodAccessorImpl.java:43)
at java.lang.reflect.Method.invoke(Method.java:498)
at org.testng.internal.MethodInvocationHelper.invokeMethod(MethodInvocationHelper.java:124)
at org.testng.internal.Invoker.invokeMethod(Invoker.java:583)
at org.testng.internal.Invoker.invokeTestMethod(Invoker.java:719)
at org.testng.internal.Invoker.invokeTestMethods(Invoker.java:989)
at org.testng.internal.TestMethodWorker.invokeTestMethods(TestMethodWorker.java:125)
at org.testng.internal.TestMethodWorker.run(TestMethodWorker.java:109)
at org.testng.TestRunner.privateRun(TestRunner.java:648)
at org.testng.TestRunner.run(TestRunner.java:505)
at org.testng.SuiteRunner.runTest(SuiteRunner.java:455)
at org.testng.SuiteRunner.runSequentially(SuiteRunner.java:450)
at org.testng.SuiteRunner.privateRun(SuiteRunner.java:415)
at org.testng.SuiteRunner.run(SuiteRunner.java:364)
at org.testng.SuiteRunnerWorker.runSuite(SuiteRunnerWorker.java:52)
at org.testng.SuiteRunnerWorker.run(SuiteRunnerWorker.java:84)
at org.testng.TestNG.runSuitesSequentially(TestNG.java:1208)
at org.testng.TestNG.runSuitesLocally(TestNG.java:1137)
at org.testng.TestNG.runSuites(TestNG.java:1049)
at org.testng.TestNG.run(TestNG.java:1017)
at org.testng.remote.AbstractRemoteTestNG.run(AbstractRemoteTestNG.java:114)
at org.testng.remote.RemoteTestNG.initAndRun(RemoteTestNG.java:251)
at org.testng.remote.RemoteTestNG.main(RemoteTestNG.java:77)
]]>
            </full-stacktrace>
          </exception> <!-- java.lang.Error -->
          <reporter-output>
          </reporter-output>
        </test-method> <!-- tc1 -->
        <test-method status="FAIL" signature="tc1(java.lang.String, java.lang.String, java.lang.String, java.lang.String, java.lang.String, java.lang.String, java.lang.String)[pri:0, instance:TestingLearn@77cd7a0]" name="tc1" duration-ms="0" started-at="2022-01-23T02:56:56Z" data-provider="data" finished-at="2022-01-23T02:56:56Z">
          <params>
            <param index="0">
              <value>
                <![CDATA[Bakthavachalam]]>
              </value>
            </param>
            <param index="1">
              <value>
                <![CDATA[Sathiyavani@1]]>
              </value>
            </param>
            <param index="2">
              <value>
                <![CDATA[vignesh]]>
              </value>
            </param>
            <param index="3">
              <value>
                <![CDATA[raj]]>
              </value>
            </param>
            <param index="4">
              <value>
                <![CDATA[thanjavur]]>
              </value>
            </param>
            <param index="5">
              <value>
                <![CDATA[6789054321567340]]>
              </value>
            </param>
            <param index="6">
              <value>
                <![CDATA[989]]>
              </value>
            </param>
          </params>
          <exception class="java.lang.Error">
            <message>
              <![CDATA[Unresolved compilation problems: 
The method elementLocator(String, String) is undefined for the type TestingLearn
The method elementLocator(String, String) is undefined for the type TestingLearn
The method elementLocator(String, String) is undefined for the type TestingLearn
The method elementLocator(String, String) is undefined for the type TestingLearn
The method elementLocator(String, String) is undefined for the type TestingLearn
The method elementLocator(String, String) is undefined for the type TestingLearn
The method elementLocator(String, String) is undefined for the type TestingLearn
The method elementLocator(String, String) is undefined for the type TestingLearn
The method elementLocator(String, String) is undefined for the type TestingLearn
The method elementLocator(String, String) is undefined for the type TestingLearn
The method elementLocator(String, String) is undefined for the type TestingLearn
The method elementLocator(String, String) is undefined for the type TestingLearn
The method elementLocator(String, String) is undefined for the type TestingLearn
The method elementLocator(String, String) is undefined for the type TestingLearn
The method elementLocator(String, String) is undefined for the type TestingLearn
The method elementLocator(String, String) is undefined for the type TestingLearn
The method elementLocator(String, String) is undefined for the type TestingLearn
The method elementLocator(String, String) is undefined for the type TestingLearn
The method elementLocator(String, String) is undefined for the type TestingLearn
]]>
            </message>
            <full-stacktrace>
              <![CDATA[java.lang.Error: Unresolved compilation problems: 
The method elementLocator(String, String) is undefined for the type TestingLearn
The method elementLocator(String, String) is undefined for the type TestingLearn
The method elementLocator(String, String) is undefined for the type TestingLearn
The method elementLocator(String, String) is undefined for the type TestingLearn
The method elementLocator(String, String) is undefined for the type TestingLearn
The method elementLocator(String, String) is undefined for the type TestingLearn
The method elementLocator(String, String) is undefined for the type TestingLearn
The method elementLocator(String, String) is undefined for the type TestingLearn
The method elementLocator(String, String) is undefined for the type TestingLearn
The method elementLocator(String, String) is undefined for the type TestingLearn
The method elementLocator(String, String) is undefined for the type TestingLearn
The method elementLocator(String, String) is undefined for the type TestingLearn
The method elementLocator(String, String) is undefined for the type TestingLearn
The method elementLocator(String, String) is undefined for the type TestingLearn
The method elementLocator(String, String) is undefined for the type TestingLearn
The method elementLocator(String, String) is undefined for the type TestingLearn
The method elementLocator(String, String) is undefined for the type TestingLearn
The method elementLocator(String, String) is undefined for the type TestingLearn
The method elementLocator(String, String) is undefined for the type TestingLearn

at TestingLearn.tc1(TestingLearn.java:11)
at sun.reflect.NativeMethodAccessorImpl.invoke0(Native Method)
at sun.reflect.NativeMethodAccessorImpl.invoke(NativeMethodAccessorImpl.java:62)
at sun.reflect.DelegatingMethodAccessorImpl.invoke(DelegatingMethodAccessorImpl.java:43)
at java.lang.reflect.Method.invoke(Method.java:498)
at org.testng.internal.MethodInvocationHelper.invokeMethod(MethodInvocationHelper.java:124)
at org.testng.internal.Invoker.invokeMethod(Invoker.java:583)
at org.testng.internal.Invoker.invokeTestMethod(Invoker.java:719)
at org.testng.internal.Invoker.invokeTestMethods(Invoker.java:989)
at org.testng.internal.TestMethodWorker.invokeTestMethods(TestMethodWorker.java:125)
at org.testng.internal.TestMethodWorker.run(TestMethodWorker.java:109)
at org.testng.TestRunner.privateRun(TestRunner.java:648)
at org.testng.TestRunner.run(TestRunner.java:505)
at org.testng.SuiteRunner.runTest(SuiteRunner.java:455)
at org.testng.SuiteRunner.runSequentially(SuiteRunner.java:450)
at org.testng.SuiteRunner.privateRun(SuiteRunner.java:415)
at org.testng.SuiteRunner.run(SuiteRunner.java:364)
at org.testng.SuiteRunnerWorker.runSuite(SuiteRunnerWorker.java:52)
at org.testng.SuiteRunnerWorker.run(SuiteRunnerWorker.java:84)
at org.testng.TestNG.runSuitesSequentially(TestNG.java:1208)
at org.testng.TestNG.runSuitesLocally(TestNG.java:1137)
at org.testng.TestNG.runSuites(TestNG.java:1049)
at org.testng.TestNG.run(TestNG.java:1017)
at org.testng.remote.AbstractRemoteTestNG.run(AbstractRemoteTestNG.java:114)
at org.testng.remote.RemoteTestNG.initAndRun(RemoteTestNG.java:251)
at org.testng.remote.RemoteTestNG.main(RemoteTestNG.java:77)
]]>
            </full-stacktrace>
          </exception> <!-- java.lang.Error -->
          <reporter-output>
          </reporter-output>
        </test-method> <!-- tc1 -->
      </class> <!-- TestingLearn -->
    </test> <!-- Default test -->
  </suite> <!-- Default suite -->
</testng-results>
